\BOOKMARK [0][-]{part.1}{\376\377\000I\000\040\000P\000r\000\344\000-\000V\000a\000r\000i\000e\000t\000\344\000t\000e\000n}{}% 1
\BOOKMARK [1][-]{section.1}{\376\377\000E\000i\000n\000f\000\374\000h\000r\000u\000n\000g}{part.1}% 2
\BOOKMARK [1][-]{section.2}{\376\377\000D\000i\000e\000\040\000Z\000a\000r\000i\000s\000k\000i\000-\000T\000o\000p\000o\000l\000o\000g\000i\000e}{part.1}% 3
\BOOKMARK [2][-]{subsection.2.1}{\376\377\000E\000i\000g\000e\000n\000s\000c\000h\000a\000f\000t\000e\000n}{section.2}% 4
\BOOKMARK [1][-]{section.3}{\376\377\000A\000f\000f\000i\000n\000e\000\040\000a\000l\000g\000e\000b\000r\000a\000i\000s\000c\000h\000e\000\040\000M\000e\000n\000g\000e\000n}{part.1}% 5
\BOOKMARK [1][-]{section.4}{\376\377\000D\000e\000r\000\040\000H\000i\000l\000b\000e\000r\000t\000s\000c\000h\000e\000\040\000N\000u\000l\000l\000s\000t\000e\000l\000l\000e\000n\000s\000a\000t\000z}{part.1}% 6
\BOOKMARK [1][-]{section.5}{\376\377\000K\000o\000r\000r\000e\000s\000p\000o\000n\000d\000e\000n\000z\000\040\000z\000w\000i\000s\000c\000h\000e\000n\000\040\000R\000a\000d\000i\000k\000a\000l\000i\000d\000e\000a\000l\000e\000n\000\040\000u\000n\000d\000\040\000a\000f\000f\000i\000n\000e\000n\000\040\000a\000l\000g\000e\000b\000r\000a\000i\000s\000c\000h\000e\000n\000\040\000M\000e\000n\000g\000e\000n}{part.1}% 7
\BOOKMARK [1][-]{section.6}{\376\377\000I\000r\000r\000e\000d\000u\000z\000i\000b\000l\000e\000\040\000t\000o\000p\000o\000l\000o\000g\000i\000s\000c\000h\000e\000\040\000R\000\344\000u\000m\000e}{part.1}% 8
\BOOKMARK [1][-]{section.7}{\376\377\000I\000r\000r\000e\000d\000u\000z\000i\000b\000l\000e\000\040\000a\000f\000f\000i\000n\000e\000\040\000a\000l\000g\000e\000b\000r\000a\000i\000s\000c\000h\000e\000\040\000M\000e\000n\000g\000e\000n}{part.1}% 9
\BOOKMARK [1][-]{section.8}{\376\377\000Q\000u\000a\000s\000i\000k\000o\000m\000p\000a\000k\000t\000e\000\040\000u\000n\000d\000\040\000n\000o\000e\000t\000h\000e\000r\000s\000c\000h\000e\000\040\000t\000o\000p\000o\000l\000o\000g\000i\000s\000c\000h\000e\000\040\000R\000\344\000u\000m\000e}{part.1}% 10
\BOOKMARK [1][-]{section.9}{\376\377\000M\000o\000r\000p\000h\000i\000s\000m\000e\000n\000\040\000v\000o\000n\000\040\000a\000f\000f\000i\000n\000e\000n\000\040\000a\000l\000g\000e\000b\000r\000a\000i\000s\000c\000h\000e\000n\000\040\000M\000e\000n\000g\000e\000n}{part.1}% 11
\BOOKMARK [1][-]{section.10}{\376\377\000U\000n\000z\000u\000l\000\344\000n\000g\000l\000i\000c\000h\000k\000e\000i\000t\000e\000n\000\040\000d\000e\000s\000\040\000B\000e\000g\000r\000i\000f\000f\000s\000\040\000d\000e\000r\000\040\000a\000f\000f\000i\000n\000e\000n\000\040\000a\000l\000g\000e\000b\000r\000a\000i\000s\000c\000h\000e\000n\000\040\000M\000e\000n\000g\000e\000n}{part.1}% 12
\BOOKMARK [1][-]{section.11}{\376\377\000D\000e\000r\000\040\000a\000f\000f\000i\000n\000e\000\040\000K\000o\000o\000r\000d\000i\000n\000a\000t\000e\000n\000r\000i\000n\000g}{part.1}% 13
\BOOKMARK [1][-]{section.12}{\376\377\000F\000u\000n\000k\000t\000o\000r\000i\000e\000l\000l\000e\000\040\000E\000i\000g\000e\000n\000s\000c\000h\000a\000f\000t\000e\000n\000\040\000v\000o\000n\000\040\000\050\000X\000\051}{part.1}% 14
\BOOKMARK [1][-]{section.13}{\376\377\000R\000\344\000u\000m\000e\000\040\000m\000i\000t\000\040\000F\000u\000n\000k\000t\000i\000o\000n\000e\000n}{part.1}% 15
\BOOKMARK [1][-]{section.14}{\376\377\000D\000e\000r\000\040\000R\000a\000u\000m\000\040\000m\000i\000t\000\040\000F\000u\000n\000k\000t\000i\000o\000n\000e\000n\000\040\000z\000u\000\040\000e\000i\000n\000e\000r\000\040\000a\000f\000f\000i\000n\000-\000a\000l\000g\000e\000b\000r\000a\000i\000s\000c\000h\000e\000n\000\040\000M\000e\000n\000g\000e}{part.1}% 16
\BOOKMARK [1][-]{section.15}{\376\377\000F\000u\000n\000k\000t\000o\000r\000i\000a\000l\000i\000t\000\344\000t\000\040\000d\000e\000r\000\040\000K\000o\000n\000s\000t\000r\000u\000k\000t\000i\000o\000n}{part.1}% 17
\BOOKMARK [1][-]{section.16}{\376\377\000D\000e\000f\000i\000n\000i\000t\000i\000o\000n\000\040\000v\000o\000n\000\040\000P\000r\000\344\000v\000a\000r\000i\000e\000t\000\344\000t\000e\000n}{part.1}% 18
\BOOKMARK [1][-]{section.17}{\376\377\000V\000e\000r\000g\000l\000e\000i\000c\000h\000\040\000m\000i\000t\000\040\000d\000i\000f\000f\000e\000r\000e\000n\000z\000i\000e\000r\000b\000a\000r\000e\000n\000/\000k\000o\000m\000p\000l\000e\000x\000e\000n\000\040\000M\000a\000n\000n\000i\000g\000f\000a\000l\000t\000i\000g\000k\000e\000i\000t\000e\000n}{part.1}% 19
\BOOKMARK [1][-]{section.18}{\376\377\000T\000o\000p\000o\000l\000o\000g\000i\000s\000c\000h\000e\000\040\000E\000i\000g\000e\000n\000s\000c\000h\000a\000f\000t\000e\000n\000\040\000v\000o\000n\000\040\000P\000r\000\344\000v\000a\000r\000i\000e\000t\000\344\000t\000e\000n}{part.1}% 20
\BOOKMARK [1][-]{section.19}{\376\377\000O\000f\000f\000e\000n\000e\000\040\000U\000n\000t\000e\000r\000v\000a\000r\000i\000e\000t\000\344\000t\000e\000n}{part.1}% 21
\BOOKMARK [1][-]{section.20}{\376\377\000F\000u\000n\000k\000t\000i\000o\000n\000e\000n\000k\000\366\000r\000p\000e\000r\000\040\000e\000i\000n\000e\000r\000\040\000P\000r\000\344\000v\000a\000r\000i\000e\000t\000\344\000t}{part.1}% 22
\BOOKMARK [1][-]{section.21}{\376\377\000A\000b\000g\000e\000s\000c\000h\000l\000o\000s\000s\000e\000n\000e\000\040\000U\000n\000t\000e\000r\000p\000r\000\344\000v\000a\000r\000i\000e\000t\000\344\000t\000e\000n}{part.1}% 23
\BOOKMARK [1][-]{section.22}{\376\377\000H\000o\000m\000o\000g\000e\000n\000e\000\040\000P\000o\000l\000y\000n\000o\000m\000e}{part.1}% 24
\BOOKMARK [1][-]{section.23}{\376\377\000D\000e\000f\000i\000n\000i\000t\000i\000o\000n\000\040\000d\000e\000s\000\040\000p\000r\000o\000j\000e\000k\000t\000i\000v\000e\000n\000\040\000R\000a\000u\000m\000e\000s}{part.1}% 25
\BOOKMARK [2][-]{subsection.23.1}{\376\377\000R\000e\000g\000u\000l\000\344\000r\000e\000\040\000F\000u\000n\000k\000t\000i\000o\000n\000e\000n}{section.23}% 26
\BOOKMARK [1][-]{section.24}{\376\377\000P\000r\000o\000j\000e\000k\000t\000i\000v\000e\000\040\000V\000a\000r\000i\000e\000t\000\344\000t\000e\000n}{part.1}% 27
\BOOKMARK [1][-]{section.25}{\376\377\000K\000o\000o\000r\000d\000i\000n\000a\000t\000e\000n\000w\000e\000c\000h\000s\000e\000l\000\040\000i\000n\000\040\000P\000n}{part.1}% 28
\BOOKMARK [1][-]{section.26}{\376\377\000L\000i\000n\000e\000a\000r\000e\000\040\000U\000n\000t\000e\000r\000r\000\344\000u\000m\000e\000\040\000v\000o\000n\000\040\000P\000n}{part.1}% 29
\BOOKMARK [1][-]{section.27}{\376\377\000K\000e\000g\000e\000l}{part.1}% 30
\BOOKMARK [1][-]{section.28}{\376\377\000Q\000u\000a\000d\000r\000i\000k\000e\000n}{part.1}% 31
